<?xml version="1.0" encoding="UTF-8"?>
<!-- Generated by org.testng.reporters.JUnitReportReporter -->
<testsuite hostname="DESKTOP-4PG1B35" failures="0" tests="1" name="createorgtest" time="0.015" errors="0" timestamp="30 Dec 2021 11:29:00 GMT" skipped="0">
  <testcase classname="createorgtest" name="crtorgtest" time="0.015"/>
</testsuite> <!-- createorgtest -->
